{
  "RSpec": {
    "coverage": {
      "/Users/Madeline/Desktop/Flatiron School/labs/uno/models/card.rb": [
        1,
        null,
        1,
        null,
        1,
        36,
        36,
        36,
        null,
        null,
        1,
        null,
        1,
        0,
        null,
        null,
        1,
        0,
        null,
        null,
        1,
        0,
        null,
        null,
        null,
        null
      ],
      "/Users/Madeline/Desktop/Flatiron School/labs/uno/models/deck.rb": [
        1,
        null,
        null,
        1,
        null,
        1,
        9,
        36,
        null,
        null,
        null,
        null,
        null,
        null
      ],
      "/Users/Madeline/Desktop/Flatiron School/labs/uno/models/person.rb": [
        1,
        null,
        1,
        null,
        1,
        null,
        1,
        null,
        1,
        null,
        1,
        0,
        0,
        0,
        0,
        null,
        null,
        null,
        1,
        0,
        null,
        null,
        1,
        0,
        null,
        null,
        1,
        0,
        null,
        null,
        1,
        0,
        0,
        null,
        null,
        1,
        0,
        0,
        0,
        null,
        null,
        null,
        1,
        0,
        0,
        0,
        null,
        null,
        1,
        0,
        0,
        0,
        0,
        0,
        0,
        0,
        0,
        null,
        0,
        0,
        0,
        0,
        null,
        0,
        0,
        null,
        null,
        null,
        null
      ],
      "/Users/Madeline/Desktop/Flatiron School/labs/uno/spec/uno_spec.rb": [

      ]
    },
    "timestamp": 1444422961
  }
}
